AH00558: httpd: Could not reliably determine the server's fully qualified domain name, using 172.20.0.3. Set the 'ServerName' directive globally to suppress this message
[Mon Oct 09 12:09:36.175366 2023] [mpm_event:notice] [pid 1:tid 140295200212864] AH00489: Apache/2.4.57 (Unix) configured -- resuming normal operations
[Mon Oct 09 12:09:36.175551 2023] [mpm_event:info] [pid 1:tid 140295200212864] AH00490: Server built: Sep 20 2023 09:02:15
[Mon Oct 09 12:09:36.175568 2023] [core:notice] [pid 1:tid 140295200212864] AH00094: Command line: 'httpd -D FOREGROUND'
[Mon Oct 09 12:09:47.902898 2023] [core:info] [pid 1:tid 140295200212864] AH00096: removed PID file /usr/local/apache2/logs/httpd.pid (pid=1)
[Mon Oct 09 12:09:47.902949 2023] [mpm_event:notice] [pid 1:tid 140295200212864] AH00492: caught SIGWINCH, shutting down gracefully
AH00558: httpd: Could not reliably determine the server's fully qualified domain name, using 172.21.0.3. Set the 'ServerName' directive globally to suppress this message
[Mon Oct 09 12:09:50.774392 2023] [mpm_event:notice] [pid 1:tid 140383193388928] AH00489: Apache/2.4.57 (Unix) configured -- resuming normal operations
[Mon Oct 09 12:09:50.774600 2023] [mpm_event:info] [pid 1:tid 140383193388928] AH00490: Server built: Sep 20 2023 09:02:15
[Mon Oct 09 12:09:50.774624 2023] [core:notice] [pid 1:tid 140383193388928] AH00094: Command line: 'httpd -D FOREGROUND'
[Mon Oct 09 12:10:02.326494 2023] [core:info] [pid 1:tid 140383193388928] AH00096: removed PID file /usr/local/apache2/logs/httpd.pid (pid=1)
[Mon Oct 09 12:10:02.326564 2023] [mpm_event:notice] [pid 1:tid 140383193388928] AH00492: caught SIGWINCH, shutting down gracefully
AH00558: httpd: Could not reliably determine the server's fully qualified domain name, using 172.22.0.3. Set the 'ServerName' directive globally to suppress this message
[Mon Oct 09 12:10:05.173484 2023] [mpm_event:notice] [pid 1:tid 139819467155328] AH00489: Apache/2.4.57 (Unix) configured -- resuming normal operations
[Mon Oct 09 12:10:05.173696 2023] [mpm_event:info] [pid 1:tid 139819467155328] AH00490: Server built: Sep 20 2023 09:02:15
[Mon Oct 09 12:10:05.173718 2023] [core:notice] [pid 1:tid 139819467155328] AH00094: Command line: 'httpd -D FOREGROUND'
[Mon Oct 09 12:10:16.377365 2023] [core:info] [pid 1:tid 139819467155328] AH00096: removed PID file /usr/local/apache2/logs/httpd.pid (pid=1)
[Mon Oct 09 12:10:16.377408 2023] [mpm_event:notice] [pid 1:tid 139819467155328] AH00492: caught SIGWINCH, shutting down gracefully
AH00558: httpd: Could not reliably determine the server's fully qualified domain name, using 172.23.0.2. Set the 'ServerName' directive globally to suppress this message
[Mon Oct 09 12:10:19.095051 2023] [mpm_event:notice] [pid 1:tid 139938158077824] AH00489: Apache/2.4.57 (Unix) configured -- resuming normal operations
[Mon Oct 09 12:10:19.095300 2023] [mpm_event:info] [pid 1:tid 139938158077824] AH00490: Server built: Sep 20 2023 09:02:15
[Mon Oct 09 12:10:19.095343 2023] [core:notice] [pid 1:tid 139938158077824] AH00094: Command line: 'httpd -D FOREGROUND'
[Mon Oct 09 12:10:30.748833 2023] [core:info] [pid 1:tid 139938158077824] AH00096: removed PID file /usr/local/apache2/logs/httpd.pid (pid=1)
[Mon Oct 09 12:10:30.748886 2023] [mpm_event:notice] [pid 1:tid 139938158077824] AH00492: caught SIGWINCH, shutting down gracefully
AH00558: httpd: Could not reliably determine the server's fully qualified domain name, using 172.24.0.3. Set the 'ServerName' directive globally to suppress this message
[Mon Oct 09 12:10:33.583051 2023] [mpm_event:notice] [pid 1:tid 140399757678464] AH00489: Apache/2.4.57 (Unix) configured -- resuming normal operations
[Mon Oct 09 12:10:33.583316 2023] [mpm_event:info] [pid 1:tid 140399757678464] AH00490: Server built: Sep 20 2023 09:02:15
[Mon Oct 09 12:10:33.583346 2023] [core:notice] [pid 1:tid 140399757678464] AH00094: Command line: 'httpd -D FOREGROUND'
[Mon Oct 09 12:10:45.253187 2023] [core:info] [pid 1:tid 140399757678464] AH00096: removed PID file /usr/local/apache2/logs/httpd.pid (pid=1)
[Mon Oct 09 12:10:45.253237 2023] [mpm_event:notice] [pid 1:tid 140399757678464] AH00492: caught SIGWINCH, shutting down gracefully
AH00558: httpd: Could not reliably determine the server's fully qualified domain name, using 172.25.0.3. Set the 'ServerName' directive globally to suppress this message
[Mon Oct 09 12:10:48.109267 2023] [mpm_event:notice] [pid 1:tid 140036069812096] AH00489: Apache/2.4.57 (Unix) configured -- resuming normal operations
[Mon Oct 09 12:10:48.109458 2023] [mpm_event:info] [pid 1:tid 140036069812096] AH00490: Server built: Sep 20 2023 09:02:15
[Mon Oct 09 12:10:48.109481 2023] [core:notice] [pid 1:tid 140036069812096] AH00094: Command line: 'httpd -D FOREGROUND'
[Mon Oct 09 12:10:59.652761 2023] [core:info] [pid 1:tid 140036069812096] AH00096: removed PID file /usr/local/apache2/logs/httpd.pid (pid=1)
[Mon Oct 09 12:10:59.652815 2023] [mpm_event:notice] [pid 1:tid 140036069812096] AH00492: caught SIGWINCH, shutting down gracefully
AH00558: httpd: Could not reliably determine the server's fully qualified domain name, using 172.26.0.2. Set the 'ServerName' directive globally to suppress this message
[Mon Oct 09 12:11:02.548131 2023] [mpm_event:notice] [pid 1:tid 139654540724096] AH00489: Apache/2.4.57 (Unix) configured -- resuming normal operations
[Mon Oct 09 12:11:02.548451 2023] [mpm_event:info] [pid 1:tid 139654540724096] AH00490: Server built: Sep 20 2023 09:02:15
[Mon Oct 09 12:11:02.548492 2023] [core:notice] [pid 1:tid 139654540724096] AH00094: Command line: 'httpd -D FOREGROUND'
[Mon Oct 09 12:11:14.234220 2023] [core:info] [pid 1:tid 139654540724096] AH00096: removed PID file /usr/local/apache2/logs/httpd.pid (pid=1)
[Mon Oct 09 12:11:14.234272 2023] [mpm_event:notice] [pid 1:tid 139654540724096] AH00492: caught SIGWINCH, shutting down gracefully
AH00558: httpd: Could not reliably determine the server's fully qualified domain name, using 172.27.0.2. Set the 'ServerName' directive globally to suppress this message
[Mon Oct 09 12:11:17.090404 2023] [mpm_event:notice] [pid 1:tid 140521259206528] AH00489: Apache/2.4.57 (Unix) configured -- resuming normal operations
[Mon Oct 09 12:11:17.090604 2023] [mpm_event:info] [pid 1:tid 140521259206528] AH00490: Server built: Sep 20 2023 09:02:15
[Mon Oct 09 12:11:17.090628 2023] [core:notice] [pid 1:tid 140521259206528] AH00094: Command line: 'httpd -D FOREGROUND'
[Mon Oct 09 12:11:28.763430 2023] [core:info] [pid 1:tid 140521259206528] AH00096: removed PID file /usr/local/apache2/logs/httpd.pid (pid=1)
[Mon Oct 09 12:11:28.763479 2023] [mpm_event:notice] [pid 1:tid 140521259206528] AH00492: caught SIGWINCH, shutting down gracefully
AH00558: httpd: Could not reliably determine the server's fully qualified domain name, using 172.28.0.3. Set the 'ServerName' directive globally to suppress this message
[Mon Oct 09 12:11:31.592443 2023] [mpm_event:notice] [pid 1:tid 139678854514560] AH00489: Apache/2.4.57 (Unix) configured -- resuming normal operations
[Mon Oct 09 12:11:31.592697 2023] [mpm_event:info] [pid 1:tid 139678854514560] AH00490: Server built: Sep 20 2023 09:02:15
[Mon Oct 09 12:11:31.592722 2023] [core:notice] [pid 1:tid 139678854514560] AH00094: Command line: 'httpd -D FOREGROUND'
[Mon Oct 09 12:11:43.283423 2023] [core:info] [pid 1:tid 139678854514560] AH00096: removed PID file /usr/local/apache2/logs/httpd.pid (pid=1)
[Mon Oct 09 12:11:43.283477 2023] [mpm_event:notice] [pid 1:tid 139678854514560] AH00492: caught SIGWINCH, shutting down gracefully
AH00558: httpd: Could not reliably determine the server's fully qualified domain name, using 172.29.0.3. Set the 'ServerName' directive globally to suppress this message
[Mon Oct 09 12:11:46.342377 2023] [mpm_event:notice] [pid 1:tid 140315161405312] AH00489: Apache/2.4.57 (Unix) configured -- resuming normal operations
[Mon Oct 09 12:11:46.342620 2023] [mpm_event:info] [pid 1:tid 140315161405312] AH00490: Server built: Sep 20 2023 09:02:15
[Mon Oct 09 12:11:46.342646 2023] [core:notice] [pid 1:tid 140315161405312] AH00094: Command line: 'httpd -D FOREGROUND'
[Mon Oct 09 12:11:58.056822 2023] [core:info] [pid 1:tid 140315161405312] AH00096: removed PID file /usr/local/apache2/logs/httpd.pid (pid=1)
[Mon Oct 09 12:11:58.056886 2023] [mpm_event:notice] [pid 1:tid 140315161405312] AH00492: caught SIGWINCH, shutting down gracefully
AH00558: httpd: Could not reliably determine the server's fully qualified domain name, using 172.19.0.3. Set the 'ServerName' directive globally to suppress this message
[Sun Mar 24 11:13:40.853368 2024] [mpm_event:notice] [pid 1:tid 139920095754112] AH00489: Apache/2.4.57 (Unix) configured -- resuming normal operations
[Sun Mar 24 11:13:40.856677 2024] [mpm_event:info] [pid 1:tid 139920095754112] AH00490: Server built: Sep 20 2023 09:02:15
[Sun Mar 24 11:13:40.856699 2024] [core:notice] [pid 1:tid 139920095754112] AH00094: Command line: 'httpd -D FOREGROUND'
[Sun Mar 24 11:14:39.571306 2024] [core:info] [pid 1:tid 139920095754112] AH00096: removed PID file /usr/local/apache2/logs/httpd.pid (pid=1)
[Sun Mar 24 11:14:39.572610 2024] [mpm_event:notice] [pid 1:tid 139920095754112] AH00492: caught SIGWINCH, shutting down gracefully
AH00558: httpd: Could not reliably determine the server's fully qualified domain name, using 172.20.0.3. Set the 'ServerName' directive globally to suppress this message
[Sun Mar 24 11:23:25.606372 2024] [mpm_event:notice] [pid 1:tid 139975569045376] AH00489: Apache/2.4.57 (Unix) configured -- resuming normal operations
[Sun Mar 24 11:23:25.606757 2024] [mpm_event:info] [pid 1:tid 139975569045376] AH00490: Server built: Sep 20 2023 09:02:15
[Sun Mar 24 11:23:25.606781 2024] [core:notice] [pid 1:tid 139975569045376] AH00094: Command line: 'httpd -D FOREGROUND'
[Sun Mar 24 11:24:19.720857 2024] [core:info] [pid 1:tid 139975569045376] AH00096: removed PID file /usr/local/apache2/logs/httpd.pid (pid=1)
[Sun Mar 24 11:24:19.720926 2024] [mpm_event:notice] [pid 1:tid 139975569045376] AH00492: caught SIGWINCH, shutting down gracefully
AH00558: httpd: Could not reliably determine the server's fully qualified domain name, using 172.21.0.3. Set the 'ServerName' directive globally to suppress this message
[Sun Mar 24 11:24:30.038079 2024] [mpm_event:notice] [pid 1:tid 140524429559680] AH00489: Apache/2.4.57 (Unix) configured -- resuming normal operations
[Sun Mar 24 11:24:30.038265 2024] [mpm_event:info] [pid 1:tid 140524429559680] AH00490: Server built: Sep 20 2023 09:02:15
[Sun Mar 24 11:24:30.038281 2024] [core:notice] [pid 1:tid 140524429559680] AH00094: Command line: 'httpd -D FOREGROUND'
[Sun Mar 24 11:24:44.977047 2024] [core:info] [pid 1:tid 140524429559680] AH00096: removed PID file /usr/local/apache2/logs/httpd.pid (pid=1)
[Sun Mar 24 11:24:44.977090 2024] [mpm_event:notice] [pid 1:tid 140524429559680] AH00492: caught SIGWINCH, shutting down gracefully
AH00558: httpd: Could not reliably determine the server's fully qualified domain name, using 172.22.0.3. Set the 'ServerName' directive globally to suppress this message
[Sun Mar 24 11:26:25.160399 2024] [mpm_event:notice] [pid 1:tid 139958761523072] AH00489: Apache/2.4.57 (Unix) configured -- resuming normal operations
[Sun Mar 24 11:26:25.160580 2024] [mpm_event:info] [pid 1:tid 139958761523072] AH00490: Server built: Sep 20 2023 09:02:15
[Sun Mar 24 11:26:25.160595 2024] [core:notice] [pid 1:tid 139958761523072] AH00094: Command line: 'httpd -D FOREGROUND'
[Sun Mar 24 11:27:17.778090 2024] [core:info] [pid 1:tid 139958761523072] AH00096: removed PID file /usr/local/apache2/logs/httpd.pid (pid=1)
[Sun Mar 24 11:27:17.778313 2024] [mpm_event:notice] [pid 1:tid 139958761523072] AH00492: caught SIGWINCH, shutting down gracefully
AH00558: httpd: Could not reliably determine the server's fully qualified domain name, using 172.23.0.3. Set the 'ServerName' directive globally to suppress this message
[Sun Mar 24 11:35:18.278076 2024] [mpm_event:notice] [pid 1:tid 139811225188224] AH00489: Apache/2.4.58 (Unix) configured -- resuming normal operations
[Sun Mar 24 11:35:18.278241 2024] [mpm_event:info] [pid 1:tid 139811225188224] AH00490: Server built: Feb 13 2024 01:53:49
[Sun Mar 24 11:35:18.278255 2024] [core:notice] [pid 1:tid 139811225188224] AH00094: Command line: 'httpd -D FOREGROUND'
[Sun Mar 24 11:36:07.886564 2024] [core:info] [pid 1:tid 139811225188224] AH00096: removed PID file /usr/local/apache2/logs/httpd.pid (pid=1)
[Sun Mar 24 11:36:07.886618 2024] [mpm_event:notice] [pid 1:tid 139811225188224] AH00492: caught SIGWINCH, shutting down gracefully
AH00558: httpd: Could not reliably determine the server's fully qualified domain name, using 172.24.0.3. Set the 'ServerName' directive globally to suppress this message
[Sun Mar 24 11:38:23.228735 2024] [mpm_event:notice] [pid 1:tid 140139448280960] AH00489: Apache/2.4.58 (Unix) configured -- resuming normal operations
[Sun Mar 24 11:38:23.228985 2024] [mpm_event:info] [pid 1:tid 140139448280960] AH00490: Server built: Feb 13 2024 01:53:49
[Sun Mar 24 11:38:23.229004 2024] [core:notice] [pid 1:tid 140139448280960] AH00094: Command line: 'httpd -D FOREGROUND'
[Sun Mar 24 11:39:17.074873 2024] [core:info] [pid 1:tid 140139448280960] AH00096: removed PID file /usr/local/apache2/logs/httpd.pid (pid=1)
[Sun Mar 24 11:39:17.075049 2024] [mpm_event:notice] [pid 1:tid 140139448280960] AH00492: caught SIGWINCH, shutting down gracefully
AH00558: httpd: Could not reliably determine the server's fully qualified domain name, using 172.25.0.3. Set the 'ServerName' directive globally to suppress this message
[Sun Mar 24 11:40:07.882269 2024] [mpm_event:notice] [pid 1:tid 139735573161856] AH00489: Apache/2.4.58 (Unix) configured -- resuming normal operations
[Sun Mar 24 11:40:07.882504 2024] [mpm_event:info] [pid 1:tid 139735573161856] AH00490: Server built: Feb 13 2024 01:53:49
[Sun Mar 24 11:40:07.882527 2024] [core:notice] [pid 1:tid 139735573161856] AH00094: Command line: 'httpd -D FOREGROUND'
[Sun Mar 24 11:41:32.332339 2024] [core:info] [pid 1:tid 139735573161856] AH00096: removed PID file /usr/local/apache2/logs/httpd.pid (pid=1)
[Sun Mar 24 11:41:32.332377 2024] [mpm_event:notice] [pid 1:tid 139735573161856] AH00492: caught SIGWINCH, shutting down gracefully
AH00558: httpd: Could not reliably determine the server's fully qualified domain name, using 172.26.0.3. Set the 'ServerName' directive globally to suppress this message
[Sun Mar 24 11:42:40.252450 2024] [mpm_event:notice] [pid 1:tid 140072566871936] AH00489: Apache/2.4.58 (Unix) configured -- resuming normal operations
[Sun Mar 24 11:42:40.252664 2024] [mpm_event:info] [pid 1:tid 140072566871936] AH00490: Server built: Feb 13 2024 01:53:49
[Sun Mar 24 11:42:40.252682 2024] [core:notice] [pid 1:tid 140072566871936] AH00094: Command line: 'httpd -D FOREGROUND'
[Sun Mar 24 11:45:04.449136 2024] [core:info] [pid 1:tid 140072566871936] AH00096: removed PID file /usr/local/apache2/logs/httpd.pid (pid=1)
[Sun Mar 24 11:45:04.449191 2024] [mpm_event:notice] [pid 1:tid 140072566871936] AH00492: caught SIGWINCH, shutting down gracefully
AH00558: httpd: Could not reliably determine the server's fully qualified domain name, using 172.27.0.3. Set the 'ServerName' directive globally to suppress this message
[Sun Mar 24 11:47:37.346517 2024] [mpm_event:notice] [pid 1:tid 139682959816576] AH00489: Apache/2.4.58 (Unix) configured -- resuming normal operations
[Sun Mar 24 11:47:37.346755 2024] [mpm_event:info] [pid 1:tid 139682959816576] AH00490: Server built: Feb 13 2024 01:53:49
[Sun Mar 24 11:47:37.346775 2024] [core:notice] [pid 1:tid 139682959816576] AH00094: Command line: 'httpd -D FOREGROUND'
[Sun Mar 24 11:51:00.740895 2024] [core:info] [pid 1:tid 139682959816576] AH00096: removed PID file /usr/local/apache2/logs/httpd.pid (pid=1)
[Sun Mar 24 11:51:00.740959 2024] [mpm_event:notice] [pid 1:tid 139682959816576] AH00492: caught SIGWINCH, shutting down gracefully
